<?xml version="1.0" encoding="UTF-8"?>
<Site BuildName="Darwin-clang++"
	BuildStamp="20191109-1908-Experimental"
	Name="Jamess-MacBook-Pro.local"
	Generator="ctest-3.15.5"
	CompilerName="/usr/bin/clang++"
	CompilerVersion="11.0.0.11000033"
	OSName="Mac OS X"
	Hostname="Jamess-MacBook-Pro.local"
	OSRelease="10.15"
	OSVersion="19A602"
	OSPlatform="x86_64"
	Is64Bits="1"
	VendorString="GenuineIntel"
	VendorID="Intel Corporation"
	FamilyID="6"
	ModelID="158"
	ProcessorCacheSize="32768"
	NumberOfLogicalCPU="12"
	NumberOfPhysicalCPU="6"
	TotalVirtualMemory="3072"
	TotalPhysicalMemory="16384"
	LogicalProcessorsPerPhysical="8"
	ProcessorClockFrequency="2600"
	>
	<Testing>
		<StartDateTime>Nov 09 14:08 EST</StartDateTime>
		<StartTestTime>1573326535</StartTestTime>
		<TestList/>
		<EndDateTime>Nov 09 14:08 EST</EndDateTime>
		<EndTestTime>1573326535</EndTestTime>
		<ElapsedMinutes>0</ElapsedMinutes>
	</Testing>
</Site>
